{"contracts/ERC1155Shares.sol":{"l":{"25":60,"32":28,"36":27,"37":26,"43":4,"44":3,"45":2,"50":1,"56":1,"68":7,"70":6,"79":2,"84":1,"99":2,"116":9,"118":9},"path":"/Users/isaacpatka/minty/code/Token-Templates/contracts/ERC1155Shares.sol","s":{"1":60,"2":28,"3":27,"4":26,"5":4,"6":3,"7":2,"8":1,"9":1,"10":7,"11":6,"12":2,"13":1,"14":2,"15":9,"16":9},"b":{"1":[27,1],"2":[26,1],"3":[3,1],"4":[2,1],"5":[6,1],"6":[1,1],"7":[8,1]},"f":{"1":60,"2":28,"3":4,"4":1,"5":1,"6":7,"7":2,"8":2,"9":9},"fnMap":{"1":{"name":"constructor","line":24,"loc":{"start":{"line":24,"column":4},"end":{"line":26,"column":4}}},"2":{"name":"setTokenAdmin","line":31,"loc":{"start":{"line":31,"column":4},"end":{"line":38,"column":4}}},"3":{"name":"setTransfersEnabled","line":40,"loc":{"start":{"line":40,"column":4},"end":{"line":46,"column":4}}},"4":{"name":"setURI","line":49,"loc":{"start":{"line":49,"column":4},"end":{"line":51,"column":4}}},"5":{"name":"setContractURI","line":55,"loc":{"start":{"line":55,"column":4},"end":{"line":57,"column":4}}},"6":{"name":"mintToken","line":63,"loc":{"start":{"line":63,"column":4},"end":{"line":71,"column":4}}},"7":{"name":"burnTokens","line":74,"loc":{"start":{"line":74,"column":4},"end":{"line":85,"column":4}}},"8":{"name":"supportsInterface","line":91,"loc":{"start":{"line":91,"column":4},"end":{"line":103,"column":4}}},"9":{"name":"_beforeTokenTransfer","line":108,"loc":{"start":{"line":108,"column":4},"end":{"line":125,"column":4}}}},"statementMap":{"1":{"start":{"line":25,"column":8},"end":{"line":25,"column":33}},"2":{"start":{"line":32,"column":8},"end":{"line":32,"column":1151}},"3":{"start":{"line":36,"column":8},"end":{"line":36,"column":64}},"4":{"start":{"line":37,"column":8},"end":{"line":37,"column":37}},"5":{"start":{"line":43,"column":8},"end":{"line":43,"column":61}},"6":{"start":{"line":44,"column":8},"end":{"line":44,"column":78}},"7":{"start":{"line":45,"column":8},"end":{"line":45,"column":53}},"8":{"start":{"line":50,"column":8},"end":{"line":50,"column":20}},"9":{"start":{"line":56,"column":8},"end":{"line":56,"column":33}},"10":{"start":{"line":68,"column":8},"end":{"line":68,"column":61}},"11":{"start":{"line":70,"column":8},"end":{"line":70,"column":41}},"12":{"start":{"line":79,"column":8},"end":{"line":79,"column":2601}},"13":{"start":{"line":84,"column":8},"end":{"line":84,"column":40}},"14":{"start":{"line":99,"column":8},"end":{"line":99,"column":3229}},"15":{"start":{"line":116,"column":8},"end":{"line":116,"column":3689}},"16":{"start":{"line":118,"column":12},"end":{"line":118,"column":3820}}},"branchMap":{"1":{"line":32,"type":"if","locations":[{"start":{"line":32,"column":8},"end":{"line":32,"column":8}},{"start":{"line":32,"column":8},"end":{"line":32,"column":8}}]},"2":{"line":36,"type":"if","locations":[{"start":{"line":36,"column":8},"end":{"line":36,"column":8}},{"start":{"line":36,"column":8},"end":{"line":36,"column":8}}]},"3":{"line":43,"type":"if","locations":[{"start":{"line":43,"column":8},"end":{"line":43,"column":8}},{"start":{"line":43,"column":8},"end":{"line":43,"column":8}}]},"4":{"line":44,"type":"if","locations":[{"start":{"line":44,"column":8},"end":{"line":44,"column":8}},{"start":{"line":44,"column":8},"end":{"line":44,"column":8}}]},"5":{"line":68,"type":"if","locations":[{"start":{"line":68,"column":8},"end":{"line":68,"column":8}},{"start":{"line":68,"column":8},"end":{"line":68,"column":8}}]},"6":{"line":79,"type":"if","locations":[{"start":{"line":79,"column":8},"end":{"line":79,"column":8}},{"start":{"line":79,"column":8},"end":{"line":79,"column":8}}]},"7":{"line":118,"type":"if","locations":[{"start":{"line":118,"column":12},"end":{"line":118,"column":12}},{"start":{"line":118,"column":12},"end":{"line":118,"column":12}}]}}},"contracts/ERC721MembershipTier.sol":{"l":{"39":0,"40":0,"41":0,"49":0,"50":0,"52":0,"54":0,"56":0,"61":0,"62":0,"74":0,"79":0,"89":0,"98":0,"99":0,"101":0,"102":0,"105":0,"107":0,"108":0,"109":0,"110":0,"115":0},"path":"/Users/isaacpatka/minty/code/Token-Templates/contracts/ERC721MembershipTier.sol","s":{"1":0,"2":0,"3":0,"4":0,"5":0,"6":0,"7":0,"8":0,"9":0,"10":0,"11":0,"12":0,"13":0,"14":0,"15":0,"16":0,"17":0,"18":0,"19":0,"20":0,"21":0,"22":0},"b":{"1":[0,0],"2":[0,0],"3":[0,0],"4":[0,0]},"f":{"1":0,"2":0,"3":0,"4":0,"5":0,"6":0},"fnMap":{"1":{"name":"constructor","line":37,"loc":{"start":{"line":36,"column":4},"end":{"line":42,"column":4}}},"2":{"name":"mintTier","line":48,"loc":{"start":{"line":48,"column":4},"end":{"line":57,"column":4}}},"3":{"name":"setTierURI","line":60,"loc":{"start":{"line":60,"column":4},"end":{"line":63,"column":4}}},"4":{"name":"tokenURI","line":68,"loc":{"start":{"line":68,"column":4},"end":{"line":80,"column":4}}},"5":{"name":"supportsInterface","line":83,"loc":{"start":{"line":83,"column":4},"end":{"line":94,"column":4}}},"6":{"name":"balanceByTier","line":97,"loc":{"start":{"line":97,"column":4},"end":{"line":116,"column":4}}}},"statementMap":{"1":{"start":{"line":39,"column":8},"end":{"line":39,"column":42}},"2":{"start":{"line":40,"column":8},"end":{"line":40,"column":41}},"3":{"start":{"line":41,"column":8},"end":{"line":41,"column":49}},"4":{"start":{"line":49,"column":8},"end":{"line":49,"column":59}},"5":{"start":{"line":50,"column":8},"end":{"line":50,"column":28}},"6":{"start":{"line":52,"column":8},"end":{"line":52,"column":41}},"7":{"start":{"line":54,"column":8},"end":{"line":54,"column":29}},"8":{"start":{"line":56,"column":8},"end":{"line":56,"column":27}},"9":{"start":{"line":61,"column":8},"end":{"line":61,"column":57}},"10":{"start":{"line":62,"column":8},"end":{"line":62,"column":28}},"11":{"start":{"line":74,"column":8},"end":{"line":74,"column":2365}},"12":{"start":{"line":79,"column":8},"end":{"line":79,"column":43}},"13":{"start":{"line":89,"column":8},"end":{"line":89,"column":2798}},"14":{"start":{"line":98,"column":8},"end":{"line":98,"column":49}},"15":{"start":{"line":99,"column":8},"end":{"line":99,"column":70}},"16":{"start":{"line":101,"column":8},"end":{"line":101,"column":3320}},"17":{"start":{"line":102,"column":12},"end":{"line":102,"column":63}},"18":{"start":{"line":105,"column":8},"end":{"line":105,"column":69}},"19":{"start":{"line":107,"column":8},"end":{"line":107,"column":3526}},"20":{"start":{"line":108,"column":12},"end":{"line":108,"column":3591}},"21":{"start":{"line":109,"column":16},"end":{"line":109,"column":3660}},"22":{"start":{"line":115,"column":8},"end":{"line":115,"column":28}}},"branchMap":{"1":{"line":49,"type":"if","locations":[{"start":{"line":49,"column":8},"end":{"line":49,"column":8}},{"start":{"line":49,"column":8},"end":{"line":49,"column":8}}]},"2":{"line":61,"type":"if","locations":[{"start":{"line":61,"column":8},"end":{"line":61,"column":8}},{"start":{"line":61,"column":8},"end":{"line":61,"column":8}}]},"3":{"line":74,"type":"if","locations":[{"start":{"line":74,"column":8},"end":{"line":74,"column":8}},{"start":{"line":74,"column":8},"end":{"line":74,"column":8}}]},"4":{"line":109,"type":"if","locations":[{"start":{"line":109,"column":16},"end":{"line":109,"column":16}},{"start":{"line":109,"column":16},"end":{"line":109,"column":16}}]}}}}